<?xml version="1.0" encoding="UTF-8"?>
<!-- Generated by org.testng.reporters.JUnitReportReporter -->
<testsuite ignored="0" hostname="maurombc-PC" failures="0" tests="1" name="LoginTest.TC_02_logout" time="2.948" errors="0" timestamp="06 nov. 2021 18:27:31 GMT" skipped="0">
  <testcase classname="LoginTest.TC_02_logout" name="TC_01" time="2.948"/>
</testsuite> <!-- LoginTest.TC_02_logout -->
