<?xml version="1.0" encoding="UTF-8"?>
<!-- Generated by org.testng.reporters.JUnitReportReporter -->
<testsuite ignored="0" hostname="maurombc-PC" failures="0" tests="1" name="testing.NewTest" time="5.567" errors="0" timestamp="16 oct. 2021 17:33:37 GMT" skipped="0">
  <testcase classname="testing.NewTest" name="f" time="5.567"/>
</testsuite> <!-- testing.NewTest -->
